<?xml version="1.0" encoding="UTF-8"?>
<!-- Generated by org.testng.reporters.JUnitXMLReporter -->
<testsuite hostname="ShobhitTalwar" name="Default test" tests="3" failures="0" timestamp="29 Sep 2015 11:41:23 GMT" time="121.172" errors="0">
  <testcase name="CallingTestCases" time="120.993" classname="common.DriverScript"/>
  <testcase name="CallingTestCases" time="0.0" classname="common.DriverScript"/>
  <testcase name="CallingTestCases" time="0.001" classname="common.DriverScript"/>
</testsuite> <!-- Default test -->
