<?xml version="1.0" encoding="UTF-8"?>
<testng-results skipped="0" failed="0" total="3" passed="3">
  <reporter-output>
  </reporter-output>
  <suite name="Suite" duration-ms="77756" started-at="2015-09-30T07:59:48Z" finished-at="2015-09-30T08:01:06Z">
    <groups>
    </groups>
    <test name="Test" duration-ms="77756" started-at="2015-09-30T07:59:48Z" finished-at="2015-09-30T08:01:06Z">
      <class name="common.DriverScript">
        <test-method status="PASS" signature="CallingTestCases(java.lang.String, java.lang.String, java.lang.String, java.lang.String, java.lang.String, java.lang.String, java.lang.String, java.lang.String, java.lang.String, java.lang.String, java.lang.String)[pri:0, instance:common.DriverScript@546a03af]" name="CallingTestCases" duration-ms="77587" started-at="2015-09-30T13:29:49Z" data-provider="DriverDataRetriever" finished-at="2015-09-30T13:31:06Z">
          <params>
            <param index="0">
              <value>
                <![CDATA[SeekerReflectedInRSE]]>
              </value>
            </param>
            <param index="1">
              <value>
                <![CDATA[To check whether the seeker reflects in the employers candidate tab after the seeker applies for the particular job]]>
              </value>
            </param>
            <param index="2">
              <value>
                <![CDATA[Y]]>
              </value>
            </param>
            <param index="3">
              <value>
                <![CDATA[C:\babajob\testdata\TestData.xls]]>
              </value>
            </param>
            <param index="4">
              <value>
                <![CDATA[SeekerReflectedInRSE]]>
              </value>
            </param>
            <param index="5">
              <value>
                <![CDATA[sprints.BabaJobTC]]>
              </value>
            </param>
            <param index="6">
              <value>
                <![CDATA[Firefox]]>
              </value>
            </param>
            <param index="7">
              <value>
                <![CDATA[40.0]]>
              </value>
            </param>
            <param index="8">
              <value>
                <![CDATA[Windows]]>
              </value>
            </param>
            <param index="9">
              <value>
                <![CDATA[8.1]]>
              </value>
            </param>
            <param index="10">
              <value>
                <![CDATA[1024x768]]>
              </value>
            </param>
          </params>
          <reporter-output>
          </reporter-output>
        </test-method> <!-- CallingTestCases -->
        <test-method status="PASS" signature="CallingTestCases(java.lang.String, java.lang.String, java.lang.String, java.lang.String, java.lang.String, java.lang.String, java.lang.String, java.lang.String, java.lang.String, java.lang.String, java.lang.String)[pri:0, instance:common.DriverScript@546a03af]" name="CallingTestCases" duration-ms="1" started-at="2015-09-30T13:31:06Z" data-provider="DriverDataRetriever" finished-at="2015-09-30T13:31:06Z">
          <params>
            <param index="0">
              <value>
                <![CDATA[RSEFiltersFunctionalityCheck]]>
              </value>
            </param>
            <param index="1">
              <value>
                <![CDATA[To check whether all the filters in the RSE tool are working according to the functionality]]>
              </value>
            </param>
            <param index="2">
              <value>
                <![CDATA[N]]>
              </value>
            </param>
            <param index="3">
              <value>
                <![CDATA[C:\babajob\testdata\TestData.xls]]>
              </value>
            </param>
            <param index="4">
              <value>
                <![CDATA[RSEFiltersFunctionalityCheck]]>
              </value>
            </param>
            <param index="5">
              <value>
                <![CDATA[sprints.BabaJobTC]]>
              </value>
            </param>
            <param index="6">
              <value>
                <![CDATA[Firefox]]>
              </value>
            </param>
            <param index="7">
              <value>
                <![CDATA[40.0]]>
              </value>
            </param>
            <param index="8">
              <value>
                <![CDATA[Windows]]>
              </value>
            </param>
            <param index="9">
              <value>
                <![CDATA[8.1]]>
              </value>
            </param>
            <param index="10">
              <value>
                <![CDATA[1024x768]]>
              </value>
            </param>
          </params>
          <reporter-output>
          </reporter-output>
        </test-method> <!-- CallingTestCases -->
        <test-method status="PASS" signature="CallingTestCases(java.lang.String, java.lang.String, java.lang.String, java.lang.String, java.lang.String, java.lang.String, java.lang.String, java.lang.String, java.lang.String, java.lang.String, java.lang.String)[pri:0, instance:common.DriverScript@546a03af]" name="CallingTestCases" duration-ms="0" started-at="2015-09-30T13:31:06Z" data-provider="DriverDataRetriever" finished-at="2015-09-30T13:31:06Z">
          <params>
            <param index="0">
              <value>
                <![CDATA[RSEDeleteEditView]]>
              </value>
            </param>
            <param index="1">
              <value>
                <![CDATA[To check whether the Delete,Edit,View Profile buttons are working according to their functionality]]>
              </value>
            </param>
            <param index="2">
              <value>
                <![CDATA[N]]>
              </value>
            </param>
            <param index="3">
              <value>
                <![CDATA[C:\babajob\testdata\TestData.xls]]>
              </value>
            </param>
            <param index="4">
              <value>
                <![CDATA[RSEDeleteEditView]]>
              </value>
            </param>
            <param index="5">
              <value>
                <![CDATA[sprints.BabaJobTC]]>
              </value>
            </param>
            <param index="6">
              <value>
                <![CDATA[Firefox]]>
              </value>
            </param>
            <param index="7">
              <value>
                <![CDATA[40.0]]>
              </value>
            </param>
            <param index="8">
              <value>
                <![CDATA[Windows]]>
              </value>
            </param>
            <param index="9">
              <value>
                <![CDATA[8.1]]>
              </value>
            </param>
            <param index="10">
              <value>
                <![CDATA[1024x768]]>
              </value>
            </param>
          </params>
          <reporter-output>
          </reporter-output>
        </test-method> <!-- CallingTestCases -->
      </class> <!-- common.DriverScript -->
    </test> <!-- Test -->
  </suite> <!-- Suite -->
</testng-results>
